1416 INFO  c.e.springposgres.DemoApplication: Starting DemoApplication on DESKTOP-GSNSMPJ with PID 9152 (E:\project-git\java\springboot-postgresql\build\libs\spring-postgres.jar started by USER in E:\project-git\java\springboot-postgresql)
1422 INFO  c.e.springposgres.DemoApplication: No active profile set, falling back to default profiles: default
2719 INFO  o.s.d.r.c.RepositoryConfigurationDelegate: Bootstrapping Spring Data repositories in DEFAULT mode.
2833 INFO  o.s.d.r.c.RepositoryConfigurationDelegate: Finished Spring Data repository scanning in 99ms. Found 1 repository interfaces.
3456 INFO  o.s.c.s.PostProcessorRegistrationDelegate$BeanPostProcessorChecker: Bean 'org.springframework.transaction.annotation.ProxyTransactionManagementConfiguration' of type [org.springframework.transaction.annotation.ProxyTransactionManagementConfiguration$$EnhancerBySpringCGLIB$$42e5e0fc] is not eligible for getting processed by all BeanPostProcessors (for example: not eligible for auto-proxying)
4404 INFO  o.s.b.w.e.tomcat.TomcatWebServer: Tomcat initialized with port(s): 9090 (http)
4428 INFO  o.a.coyote.http11.Http11NioProtocol: Initializing ProtocolHandler ["http-nio-9090"]
4448 INFO  o.a.catalina.core.StandardService: Starting service [Tomcat]
4448 INFO  o.a.catalina.core.StandardEngine: Starting Servlet Engine: Apache Tomcat/9.0.13
4466 INFO  o.a.c.core.AprLifecycleListener: The APR based Apache Tomcat Native library which allows optimal performance in production environments was not found on the java.library.path: [C:\jdk-11\bin;C:\Windows\Sun\Java\bin;C:\Windows\system32;C:\Windows;C:\Users\USER\bin;C:\Git\mingw64\bin;C:\Git\usr\local\bin;C:\Git\usr\bin;C:\Git\usr\bin;C:\Git\mingw64\bin;C:\Git\usr\bin;C:\Users\USER\bin;C:\Program Files\Common Files\Oracle\Java\javapath;C:\Program Files (x86)\Common Files\Oracle\Java\javapath;C:\Windows\system32;C:\Windows;C:\Windows\System32\Wbem;C:\Windows\System32\WindowsPowerShell\v1.0;C:\Windows\System32\OpenSSH;C:\NodeJs;C:\Git\cmd;C:\Program Files\Docker\Docker\resources\bin;C:\ProgramData\DockerDesktop\version-bin;C:\gradle-6.8\bin;C:\Program Files (x86)\Bitvise SSH Client;C:\Python;C:\Users\USER\AppData\Roaming\npm\pm2;C:\Program Files\PostgreSQL\13\bin;C:\Program Files\PostgreSQL\13\lib;%JAVA_HOME%\bin;%MAVEN_HOME%\bin;C:\Users\USER\AppData\Local\Microsoft\WindowsApps;C:\Users\USER\AppData\Roaming\npm;C:\apache-maven-3.6.3\bin;C:\jdk-11\bin;C:\Git\usr\bin\vendor_perl;C:\Git\usr\bin\core_perl;.]
4639 INFO  o.a.c.c.C.[Tomcat].[localhost].[/]: Initializing Spring embedded WebApplicationContext
4640 INFO  o.s.web.context.ContextLoader: Root WebApplicationContext: initialization completed in 3140 ms
5025 INFO  o.h.jpa.internal.util.LogHelper: HHH000204: Processing PersistenceUnitInfo [
	name: default
	...]
5164 INFO  org.hibernate.Version: HHH000412: Hibernate Core {5.3.7.Final}
5166 INFO  org.hibernate.cfg.Environment: HHH000206: hibernate.properties not found
5457 INFO  o.h.annotations.common.Version: HCANN000001: Hibernate Commons Annotations {5.0.4.Final}
5827 INFO  com.zaxxer.hikari.HikariDataSource: HikariPool-1 - Starting...
6046 INFO  com.zaxxer.hikari.HikariDataSource: HikariPool-1 - Start completed.
6075 INFO  org.hibernate.dialect.Dialect: HHH000400: Using dialect: org.hibernate.dialect.PostgreSQL95Dialect
6650 INFO  o.h.e.j.e.i.LobCreatorBuilderImpl: HHH000421: Disabling contextual LOB creation as hibernate.jdbc.lob.non_contextual_creation is true
6669 INFO  o.hibernate.type.BasicTypeRegistry: HHH000270: Type registration [java.util.UUID] overrides previous : org.hibernate.type.UUIDBinaryType@48284d0e
7627 INFO  o.h.t.s.internal.SchemaCreatorImpl: HHH000476: Executing import script 'org.hibernate.tool.schema.internal.exec.ScriptSourceInputNonExistentImpl@35267fd4'
7631 INFO  o.s.o.j.LocalContainerEntityManagerFactoryBean: Initialized JPA EntityManagerFactory for persistence unit 'default'
8636 INFO  o.s.s.c.ThreadPoolTaskExecutor: Initializing ExecutorService 'applicationTaskExecutor'
8715 WARN  o.s.b.a.o.j.JpaBaseConfiguration$JpaWebConfiguration$JpaWebMvcConfiguration: spring.jpa.open-in-view is enabled by default. Therefore, database queries may be performed during view rendering. Explicitly configure spring.jpa.open-in-view to disable this warning
9073 INFO  o.a.coyote.http11.Http11NioProtocol: Starting ProtocolHandler ["http-nio-9090"]
9092 INFO  o.a.tomcat.util.net.NioSelectorPool: Using a shared selector for servlet write/read
9118 INFO  o.s.b.w.e.tomcat.TomcatWebServer: Tomcat started on port(s): 9090 (http) with context path ''
9123 INFO  c.e.springposgres.DemoApplication: Started DemoApplication in 8.551 seconds (JVM running for 10.238)
